#-----------------------------------------------------------
# Vivado v2019.1 (64-bit)
# SW Build 2552052 on Fri May 24 14:49:42 MDT 2019
# IP Build 2548770 on Fri May 24 18:01:18 MDT 2019
# Start of session at: Thu Oct 27 00:07:26 2022
# Process ID: 3576
# Current directory: C:/Users/15781/Desktop/homework/experiment/sysArch/lab1/doc/lab1_pred/step_into_mips-lab_4/lab_4/lab_4
# Command line: vivado.exe -gui_launcher_event rodinguilauncherevent16304 C:\Users\15781\Desktop\homework\experiment\sysArch\lab1\doc\lab1_pred\step_into_mips-lab_4\lab_4\lab_4\lab_4.xpr
# Log file: C:/Users/15781/Desktop/homework/experiment/sysArch/lab1/doc/lab1_pred/step_into_mips-lab_4/lab_4/lab_4/vivado.log
# Journal file: C:/Users/15781/Desktop/homework/experiment/sysArch/lab1/doc/lab1_pred/step_into_mips-lab_4/lab_4/lab_4\vivado.jou
#-----------------------------------------------------------
start_gui
open_project C:/Users/15781/Desktop/homework/experiment/sysArch/lab1/doc/lab1_pred/step_into_mips-lab_4/lab_4/lab_4/lab_4.xpr
INFO: [ProjectBase 1-489] The host OS only allows 260 characters in a normal path. The project is stored in a path with more than 80 characters. If you experience issues with IP, Block Designs, or files not being found, please consider moving the project to a location with a shorter path. Alternately consider using the OS subst command to map part of the path to a drive letter.
Current project path is 'C:/Users/15781/Desktop/homework/experiment/sysArch/lab1/doc/lab1_pred/step_into_mips-lab_4/lab_4/lab_4'
INFO: [Project 1-313] Project file moved from 'C:/Users/15781/Desktop/作业/experiment/sysArch/lab1/doc/lab1_pred/step_into_mips-lab_4/lab_4/lab_4' since last save.
CRITICAL WARNING: [Project 1-311] Could not find the file 'C:/Users/15781/Desktop/homework/experiment/sysArch/lab1/doc/lab1_pred/step_into_mips-lab_4/lab_4/lab_4/lab_4.srcs/sources_1/ip/data_mem/data_mem.xci', nor could it be found using path 'C:/Users/15781/Desktop/作业/experiment/sysArch/lab1/doc/lab1_pred/step_into_mips-lab_4/lab_4/lab_4/lab_4.srcs/sources_1/ip/data_mem/data_mem.xci'.
CRITICAL WARNING: [Project 1-311] Could not find the file 'C:/Users/15781/Desktop/homework/experiment/sysArch/lab1/doc/lab1_pred/step_into_mips-lab_4/lab_4/lab_4/lab_4.srcs/sources_1/ip/inst_mem/inst_mem.xci', nor could it be found using path 'C:/Users/15781/Desktop/作业/experiment/sysArch/lab1/doc/lab1_pred/step_into_mips-lab_4/lab_4/lab_4/lab_4.srcs/sources_1/ip/inst_mem/inst_mem.xci'.
CRITICAL WARNING: [Project 1-311] Could not find the file 'C:/Users/15781/Desktop/homework/experiment/sysArch/lab1/doc/lab1_pred/coe/mipstest.coe', nor could it be found using path 'C:/Users/15781/Desktop/作业/experiment/sysArch/lab1/doc/lab1_pred/coe/mipstest.coe'.
CRITICAL WARNING: [Project 1-311] Could not find the file 'C:/Users/15781/Desktop/homework/experiment/sysArch/lab1/doc/lab1_pred/step_into_mips-lab_4/lab_4/lab_4/testbench_behav.wcfg', nor could it be found using path 'C:/Users/15781/Desktop/作业/experiment/sysArch/lab1/doc/lab1_pred/step_into_mips-lab_4/lab_4/lab_4/testbench_behav.wcfg'.
Scanning sources...
Finished scanning sources
INFO: [IP_Flow 19-234] Refreshing IP repositories
INFO: [IP_Flow 19-1704] No user IP repositories specified
INFO: [IP_Flow 19-2313] Loaded Vivado IP repository 'C:/Xilinx/Vivado/2019.1/data/ip'.
ERROR: [IP_Flow 19-993] Could not find IP file for IP 'data_mem'.
CRITICAL WARNING: [IP_Flow 19-5097] Unable to determine VLNV from IP file; verify it has the correct syntax: 
ERROR: [IP_Flow 19-993] Could not find IP file for IP 'inst_mem'.
CRITICAL WARNING: [IP_Flow 19-5097] Unable to determine VLNV from IP file; verify it has the correct syntax: 
open_project: Time (s): cpu = 00:00:27 ; elapsed = 00:00:08 . Memory (MB): peak = 882.516 ; gain = 199.902
ERROR: [Common 17-39] 'open_project' failed due to earlier errors.
update_compile_order -fileset sources_1
export_ip_user_files -of_objects  [get_files C:/Users/15781/Desktop/homework/experiment/sysArch/lab1/doc/lab1_pred/coe/mipstest.coe] -no_script -reset -force -quiet
remove_files  C:/Users/15781/Desktop/homework/experiment/sysArch/lab1/doc/lab1_pred/coe/mipstest.coe
export_ip_user_files -of_objects  [get_files C:/Users/15781/Desktop/homework/experiment/sysArch/lab1/doc/lab1_pred/step_into_mips-lab_4/lab_4/coe/mipstest.coe] -no_script -reset -force -quiet
remove_files  C:/Users/15781/Desktop/homework/experiment/sysArch/lab1/doc/lab1_pred/step_into_mips-lab_4/lab_4/coe/mipstest.coe
WARNING: [IP_Flow 19-4067] Ignoring invalid widget type specified checkbox.Providing a default widget
WARNING: [IP_Flow 19-4067] Ignoring invalid widget type specified checkbox.Providing a default widget
INFO: [IP_Flow 19-3484] Absolute path of file 'c:/Users/15781/Desktop/homework/experiment/sysArch/lab1/doc/lab1_pred/step_into_mips-lab_4/lab_4/coe/mipstest.coe' provided. It will be converted relative to IP Instance files '../../../../../coe/mipstest.coe'
set_property -dict [list CONFIG.Load_Init_File {true} CONFIG.Coe_File {C:/Users/15781/Desktop/homework/experiment/sysArch/lab1/doc/lab1_pred/step_into_mips-lab_4/lab_4/coe/mipstest.coe}] [get_ips inst_mem]
INFO: [IP_Flow 19-3484] Absolute path of file 'c:/Users/15781/Desktop/homework/experiment/sysArch/lab1/doc/lab1_pred/step_into_mips-lab_4/lab_4/coe/mipstest.coe' provided. It will be converted relative to IP Instance files '../../../coe/mipstest.coe'
generate_target all [get_files  C:/Users/15781/Desktop/homework/experiment/sysArch/lab1/doc/lab1_pred/step_into_mips-lab_4/lab_4/rtl/ip/inst_mem/inst_mem.xci]
INFO: [IP_Flow 19-1686] Generating 'Instantiation Template' target for IP 'inst_mem'...
INFO: [IP_Flow 19-1686] Generating 'Synthesis' target for IP 'inst_mem'...
INFO: [IP_Flow 19-1686] Generating 'Simulation' target for IP 'inst_mem'...
INFO: [IP_Flow 19-1686] Generating 'Miscellaneous' target for IP 'inst_mem'...
INFO: [IP_Flow 19-1686] Generating 'Change Log' target for IP 'inst_mem'...
catch { config_ip_cache -export [get_ips -all inst_mem] }
export_ip_user_files -of_objects [get_files C:/Users/15781/Desktop/homework/experiment/sysArch/lab1/doc/lab1_pred/step_into_mips-lab_4/lab_4/rtl/ip/inst_mem/inst_mem.xci] -no_script -sync -force -quiet
create_ip_run [get_files -of_objects [get_fileset sources_1] C:/Users/15781/Desktop/homework/experiment/sysArch/lab1/doc/lab1_pred/step_into_mips-lab_4/lab_4/rtl/ip/inst_mem/inst_mem.xci]
launch_runs -jobs 8 inst_mem_synth_1
[Thu Oct 27 00:08:51 2022] Launched inst_mem_synth_1...
Run output will be captured here: C:/Users/15781/Desktop/homework/experiment/sysArch/lab1/doc/lab1_pred/step_into_mips-lab_4/lab_4/lab_4/lab_4.runs/inst_mem_synth_1/runme.log
export_simulation -of_objects [get_files C:/Users/15781/Desktop/homework/experiment/sysArch/lab1/doc/lab1_pred/step_into_mips-lab_4/lab_4/rtl/ip/inst_mem/inst_mem.xci] -directory C:/Users/15781/Desktop/homework/experiment/sysArch/lab1/doc/lab1_pred/step_into_mips-lab_4/lab_4/lab_4/lab_4.ip_user_files/sim_scripts -ip_user_files_dir C:/Users/15781/Desktop/homework/experiment/sysArch/lab1/doc/lab1_pred/step_into_mips-lab_4/lab_4/lab_4/lab_4.ip_user_files -ipstatic_source_dir C:/Users/15781/Desktop/homework/experiment/sysArch/lab1/doc/lab1_pred/step_into_mips-lab_4/lab_4/lab_4/lab_4.ip_user_files/ipstatic -lib_map_path [list {modelsim=C:/Users/15781/Desktop/homework/experiment/sysArch/lab1/doc/lab1_pred/step_into_mips-lab_4/lab_4/lab_4/lab_4.cache/compile_simlib/modelsim} {questa=C:/Users/15781/Desktop/homework/experiment/sysArch/lab1/doc/lab1_pred/step_into_mips-lab_4/lab_4/lab_4/lab_4.cache/compile_simlib/questa} {riviera=C:/Users/15781/Desktop/homework/experiment/sysArch/lab1/doc/lab1_pred/step_into_mips-lab_4/lab_4/lab_4/lab_4.cache/compile_simlib/riviera} {activehdl=C:/Users/15781/Desktop/homework/experiment/sysArch/lab1/doc/lab1_pred/step_into_mips-lab_4/lab_4/lab_4/lab_4.cache/compile_simlib/activehdl}] -use_ip_compiled_libs -force -quiet
