#-----------------------------------------------------------
# Vivado v2019.1 (64-bit)
# SW Build 2552052 on Fri May 24 14:49:42 MDT 2019
# IP Build 2548770 on Fri May 24 18:01:18 MDT 2019
# Start of session at: Wed Oct 26 23:39:39 2022
# Process ID: 16592
# Current directory: C:/Users/15781/Desktop/作业/experiment/sysArch/lab1/doc/基础mips五级流水线架构代码/step_into_mips-lab_4/lab_4/lab_4
# Command line: vivado.exe -gui_launcher_event rodinguilauncherevent8492 C:\Users\15781\Desktop\作业\experiment\sysArch\lab1\doc\基础mips五级流水线架构代码\step_into_mips-lab_4\lab_4\lab_4\lab_4.xpr
# Log file: C:/Users/15781/Desktop/作业/experiment/sysArch/lab1/doc/基础mips五级流水线架构代码/step_into_mips-lab_4/lab_4/lab_4/vivado.log
# Journal file: C:/Users/15781/Desktop/作业/experiment/sysArch/lab1/doc/基础mips五级流水线架构代码/step_into_mips-lab_4/lab_4/lab_4\vivado.jou
#-----------------------------------------------------------
start_gui
open_project C:/Users/15781/Desktop/作业/experiment/sysArch/lab1/doc/基础mips五级流水线架构代码/step_into_mips-lab_4/lab_4/lab_4/lab_4.xpr
INFO: [ProjectBase 1-489] The host OS only allows 260 characters in a normal path. The project is stored in a path with more than 80 characters. If you experience issues with IP, Block Designs, or files not being found, please consider moving the project to a location with a shorter path. Alternately consider using the OS subst command to map part of the path to a drive letter.
Current project path is 'C:/Users/15781/Desktop/作业/experiment/sysArch/lab1/doc/基础mips五级流水线架构代码/step_into_mips-lab_4/lab_4/lab_4'
CRITICAL WARNING: [Project 1-19] Could not find the file 'C:/Users/15781/Desktop/作业/experiment/sysArch/lab1/doc/基础mips五级流水线架构代码/step_into_mips-lab_4/lab_4/lab_4/testbench_behav.wcfg'.
CRITICAL WARNING: [Project 1-19] Could not find the file 'C:/Users/15781/Desktop/作业/experiment/sysArch/lab1/doc/基础mips五级流水线架构代码/step_into_mips-lab_4/lab_4/lab_4/lab_4.srcs/sources_1/ip/inst_mem/inst_mem.xci'.
CRITICAL WARNING: [Project 1-19] Could not find the file 'C:/Users/15781/Desktop/作业/experiment/sysArch/lab1/doc/基础mips五级流水线架构代码/step_into_mips-lab_4/lab_4/lab_4/lab_4.srcs/sources_1/ip/data_mem/data_mem.xci'.
Scanning sources...
Finished scanning sources
WARNING: [filemgmt 56-3] IPUserFilesDir: Could not find the directory 'C:/Users/15781/Desktop/作业/experiment/sysArch/lab1/doc/基础mips五级流水线架构代码/step_into_mips-lab_4/lab_4/lab_4/lab_4.ip_user_files'.
ERROR: [IP_Flow 19-993] Could not find IP file for IP 'inst_mem'.
CRITICAL WARNING: [IP_Flow 19-5097] Unable to determine VLNV from IP file; verify it has the correct syntax: 
ERROR: [IP_Flow 19-993] Could not find IP file for IP 'data_mem'.
CRITICAL WARNING: [IP_Flow 19-5097] Unable to determine VLNV from IP file; verify it has the correct syntax: 
INFO: [IP_Flow 19-234] Refreshing IP repositories
INFO: [IP_Flow 19-1704] No user IP repositories specified
INFO: [IP_Flow 19-2313] Loaded Vivado IP repository 'C:/Xilinx/Vivado/2019.1/data/ip'.
open_project: Time (s): cpu = 00:00:35 ; elapsed = 00:00:14 . Memory (MB): peak = 879.230 ; gain = 158.535
ERROR: [Common 17-39] 'open_project' failed due to earlier errors.
update_compile_order -fileset sources_1
exit
INFO: [Common 17-206] Exiting Vivado at Wed Oct 26 23:41:40 2022...
x: 
ERROR: [IP_Flow 19-993] Could not find IP file for IP 'data_mem'.
CRITICAL WARNING: [IP_Flow 19-5097] Unable to determine VLNV from IP file; verify it has the correct syntax: 
INFO: [Project 1-230] Project 'lab_4.xpr' upgraded for this version of Vivado.
INFO: [IP_Flow 19-234] Refreshing IP repositories
INFO: [IP_Flow 19-1704] No user IP repositories specified
INFO: [IP_Flow 19-2313] Loaded Vivado IP repository 'C:/Xilinx/Vivado/2019.1/data/ip'.
open_project: Time (s): cpu = 00:00:44 ; elapsed = 00:00:21 . Memory (MB): peak = 876.207 ; gain = 171.234
ERROR: [Common 17-39] 'open_project' failed due to earlier errors.
update_compile_order -fileset sources_1
add_files {C:/Users/15781/Desktop/作业/experiment/sysArch/lab1/doc/基础mips五级流水线架构代码/step_into_mips-lab_4/lab_4/rtl/ip/data_mem/data_mem.xci C:/Users/15781/Desktop/作业/experiment/sysArch/lab1/doc/基础mips五级流水线架构代码/step_into_mips-lab_4/lab_4/rtl/ip/inst_mem/inst_mem.xci}
WARNING: [IP_Flow 19-2162] IP 'data_mem' is locked:
* IP definition 'Block Memory Generator (8.4)' for IP 'data_mem' (customized with software release 2017.3) has a different revision in the IP Catalog.
WARNING: [IP_Flow 19-2162] IP 'inst_mem' is locked:
* IP definition 'Block Memory Generator (8.4)' for IP 'inst_mem' (customized with software release 2017.3) has a different revision in the IP Catalog.
export_ip_user_files -of_objects  [get_files  {C:/Users/15781/Desktop/作业/experiment/sysArch/lab1/doc/基础mips五级流水线架构代码/step_into_mips-lab_4/lab_4/rtl/ip/data_mem/data_mem.xci C:/Users/15781/Desktop/作业/experiment/sysArch/lab1/doc/基础mips五级流水线架构代码/step_into_mips-lab_4/lab_4/rtl/ip/inst_mem/inst_mem.xci}] -lib_map_path [list {modelsim=C:/Users/15781/Desktop/作业/experiment/sysArch/lab1/doc/基础mips五级流水线架构代码/step_into_mips-lab_4/lab_4/lab_4/lab_4.cache/compile_simlib/modelsim} {questa=C:/Users/15781/Desktop/作业/experiment/sysArch/lab1/doc/基础mips五级流水线架构代码/step_into_mips-lab_4/lab_4/lab_4/lab_4.cache/compile_simlib/questa} {riviera=C:/Users/15781/Desktop/作业/experiment/sysArch/lab1/doc/基础mips五级流水线架构代码/step_into_mips-lab_4/lab_4/lab_4/lab_4.cache/compile_simlib/riviera} {activehdl=C:/Users/15781/Desktop/作业/experiment/sysArch/lab1/doc/基础mips五级流水线架构代码/step_into_mips-lab_4/lab_4/lab_4/lab_4.cache/compile_simlib/activehdl}] -force -quiet
update_compile_order -fileset sources_1
upgrade_ip [get_ips]
Upgrading 'data_mem'
ERROR: [Vivado 12-3445] A collection of objects is currently not supported at this time.  Please provide only one sub-design.
ERROR: [Common 17-69] Command failed: ERROR: [Vivado 12-3445] A collection of objects is currently not supported at this time.  Please provide only one sub-design.

upgrade_ip [get_ips]
Upgrading 'data_mem'
ERROR: [Vivado 12-3445] A collection of objects is currently not supported at this time.  Please provide only one sub-design.
ERROR: [Common 17-69] Command failed: ERROR: [Vivado 12-3445] A collection of objects is currently not supported at this time.  Please provide only one sub-design.

exit
INFO: [Common 17-206] Exiting Vivado at Wed Oct 26 23:44:02 2022...
