#-----------------------------------------------------------
# Vivado v2019.1 (64-bit)
# SW Build 2552052 on Fri May 24 14:49:42 MDT 2019
# IP Build 2548770 on Fri May 24 18:01:18 MDT 2019
# Start of session at: Thu Oct 27 00:14:00 2022
# Process ID: 13164
# Current directory: C:/Users/15781/Desktop/homework/experiment/sysArch/lab1/doc/lab1_pred/step_into_mips-lab_4/lab_4/lab_4
# Command line: vivado.exe -gui_launcher_event rodinguilauncherevent9464 C:\Users\15781\Desktop\homework\experiment\sysArch\lab1\doc\lab1_pred\step_into_mips-lab_4\lab_4\lab_4\lab_4.xpr
# Log file: C:/Users/15781/Desktop/homework/experiment/sysArch/lab1/doc/lab1_pred/step_into_mips-lab_4/lab_4/lab_4/vivado.log
# Journal file: C:/Users/15781/Desktop/homework/experiment/sysArch/lab1/doc/lab1_pred/step_into_mips-lab_4/lab_4/lab_4\vivado.jou
#-----------------------------------------------------------
start_gui
open_project C:/Users/15781/Desktop/homework/experiment/sysArch/lab1/doc/lab1_pred/step_into_mips-lab_4/lab_4/lab_4/lab_4.xpr
INFO: [ProjectBase 1-489] The host OS only allows 260 characters in a normal path. The project is stored in a path with more than 80 characters. If you experience issues with IP, Block Designs, or files not being found, please consider moving the project to a location with a shorter path. Alternately consider using the OS subst command to map part of the path to a drive letter.
Current project path is 'C:/Users/15781/Desktop/homework/experiment/sysArch/lab1/doc/lab1_pred/step_into_mips-lab_4/lab_4/lab_4'
CRITICAL WARNING: [Project 1-19] Could not find the file 'C:/Users/15781/Desktop/homework/experiment/sysArch/lab1/doc/lab1_pred/step_into_mips-lab_4/lab_4/lab_4/lab_4.srcs/sources_1/ip/data_mem/data_mem.xci'.
CRITICAL WARNING: [Project 1-19] Could not find the file 'C:/Users/15781/Desktop/homework/experiment/sysArch/lab1/doc/lab1_pred/step_into_mips-lab_4/lab_4/lab_4/lab_4.srcs/sources_1/ip/inst_mem/inst_mem.xci'.
CRITICAL WARNING: [Project 1-19] Could not find the file 'C:/Users/15781/Desktop/homework/experiment/sysArch/lab1/doc/lab1_pred/step_into_mips-lab_4/lab_4/lab_4/testbench_behav.wcfg'.
Scanning sources...
Finished scanning sources
INFO: [IP_Flow 19-234] Refreshing IP repositories
INFO: [IP_Flow 19-1704] No user IP repositories specified
INFO: [IP_Flow 19-2313] Loaded Vivado IP repository 'C:/Xilinx/Vivado/2019.1/data/ip'.
ERROR: [IP_Flow 19-993] Could not find IP file for IP 'data_mem'.
CRITICAL WARNING: [IP_Flow 19-5097] Unable to determine VLNV from IP file; verify it has the correct syntax: 
ERROR: [IP_Flow 19-993] Could not find IP file for IP 'inst_mem'.
CRITICAL WARNING: [IP_Flow 19-5097] Unable to determine VLNV from IP file; verify it has the correct syntax: 
ERROR: [Common 17-39] 'open_project' failed due to earlier errors.
update_compile_order -fileset sources_1
add_files -norecurse C:/Users/15781/Desktop/homework/experiment/sysArch/lab1/doc/lab1_pred/step_into_mips-lab_4/lab_4/rtl/ip/inst_mem/inst_mem.xci
CRITICAL WARNING: [IP_Flow 19-3389] Failed to import IP file 'C:/Users/15781/Desktop/homework/experiment/sysArch/lab1/doc/lab1_pred/step_into_mips-lab_4/lab_4/rtl/ip/inst_mem/inst_mem.xci': IP name 'inst_mem' is already in use in this project.  Please choose a different name.

CRITICAL WARNING: [Vivado 12-1464] The source file 'C:/Users/15781/Desktop/homework/experiment/sysArch/lab1/doc/lab1_pred/step_into_mips-lab_4/lab_4/rtl/ip/inst_mem/inst_mem.xci' cannot be added to the fileset 'sources_1'.
exit
INFO: [Common 17-206] Exiting Vivado at Thu Oct 27 00:16:10 2022...
