#-----------------------------------------------------------
# Vivado v2019.1 (64-bit)
# SW Build 2552052 on Fri May 24 14:49:42 MDT 2019
# IP Build 2548770 on Fri May 24 18:01:18 MDT 2019
# Start of session at: Wed Oct 26 23:44:05 2022
# Process ID: 13164
# Current directory: C:/Users/15781/Desktop/作业/experiment/sysArch/lab1/doc/基础mips五级流水线架构代码/step_into_mips-lab_4/lab_4/lab_4
# Command line: vivado.exe -gui_launcher_event rodinguilauncherevent14980 C:\Users\15781\Desktop\作业\experiment\sysArch\lab1\doc\基础mips五级流水线架构代码\step_into_mips-lab_4\lab_4\lab_4\lab_4.xpr
# Log file: C:/Users/15781/Desktop/作业/experiment/sysArch/lab1/doc/基础mips五级流水线架构代码/step_into_mips-lab_4/lab_4/lab_4/vivado.log
# Journal file: C:/Users/15781/Desktop/作业/experiment/sysArch/lab1/doc/基础mips五级流水线架构代码/step_into_mips-lab_4/lab_4/lab_4\vivado.jou
#-----------------------------------------------------------
start_gui
open_project C:/Users/15781/Desktop/作业/experiment/sysArch/lab1/doc/基础mips五级流水线架构代码/step_into_mips-lab_4/lab_4/lab_4/lab_4.xpr
INFO: [ProjectBase 1-489] The host OS only allows 260 characters in a normal path. The project is stored in a path with more than 80 characters. If you experience issues with IP, Block Designs, or files not being found, please consider moving the project to a location with a shorter path. Alternately consider using the OS subst command to map part of the path to a drive letter.
Current project path is 'C:/Users/15781/Desktop/作业/experiment/sysArch/lab1/doc/基础mips五级流水线架构代码/step_into_mips-lab_4/lab_4/lab_4'
CRITICAL WARNING: [Project 1-19] Could not find the file 'C:/Users/15781/Desktop/作业/experiment/sysArch/lab1/doc/基础mips五级流水线架构代码/coe/mipstest.coe'.
CRITICAL WARNING: [Project 1-19] Could not find the file 'C:/Users/15781/Desktop/作业/experiment/sysArch/lab1/doc/基础mips五级流水线架构代码/step_into_mips-lab_4/lab_4/lab_4/testbench_behav.wcfg'.
CRITICAL WARNING: [Project 1-19] Could not find the file 'C:/Users/15781/Desktop/作业/experiment/sysArch/lab1/doc/基础mips五级流水线架构代码/step_into_mips-lab_4/lab_4/lab_4/lab_4.srcs/sources_1/ip/inst_mem/inst_mem.xci'.
CRITICAL WARNING: [Project 1-19] Could not find the file 'C:/Users/15781/Desktop/作业/experiment/sysArch/lab1/doc/基础mips五级流水线架构代码/step_into_mips-lab_4/lab_4/lab_4/lab_4.srcs/sources_1/ip/data_mem/data_mem.xci'.
Scanning sources...
Finished scanning sources
INFO: [IP_Flow 19-234] Refreshing IP repositories
INFO: [IP_Flow 19-1704] No user IP repositories specified
INFO: [IP_Flow 19-2313] Loaded Vivado IP repository 'C:/Xilinx/Vivado/2019.1/data/ip'.
WARNING: [IP_Flow 19-2162] IP 'data_mem' is locked:
* IP definition 'Block Memory Generator (8.4)' for IP 'data_mem' (customized with software release 2017.3) has a different revision in the IP Catalog.
WARNING: [IP_Flow 19-2162] IP 'inst_mem' is locked:
* IP definition 'Block Memory Generator (8.4)' for IP 'inst_mem' (customized with software release 2017.3) has a different revision in the IP Catalog.
ERROR: [IP_Flow 19-993] Could not find IP file for IP 'inst_mem'.
CRITICAL WARNING: [IP_Flow 19-5097] Unable to determine VLNV from IP file; verify it has the correct syntax: 
ERROR: [IP_Flow 19-993] Could not find IP file for IP 'data_mem'.
CRITICAL WARNING: [IP_Flow 19-5097] Unable to determine VLNV from IP file; verify it has the correct syntax: 
open_project: Time (s): cpu = 00:00:35 ; elapsed = 00:00:12 . Memory (MB): peak = 912.164 ; gain = 222.328
ERROR: [Common 17-39] 'open_project' failed due to earlier errors.
update_compile_order -fileset sources_1
export_ip_user_files -of_objects  [get_files C:/Users/15781/Desktop/作业/experiment/sysArch/lab1/doc/基础mips五级流水线架构代码/coe/mipstest.coe] -no_script -reset -force -quiet
remove_files  C:/Users/15781/Desktop/作业/experiment/sysArch/lab1/doc/基础mips五级流水线架构代码/coe/mipstest.coe
upgrade_ip [get_ips]
Upgrading 'data_mem'
ERROR: [Vivado 12-3445] A collection of objects is currently not supported at this time.  Please provide only one sub-design.
ERROR: [Common 17-69] Command failed: ERROR: [Vivado 12-3445] A collection of objects is currently not supported at this time.  Please provide only one sub-design.

upgrade_ip -vlnv xilinx.com:ip:blk_mem_gen:8.4 [get_ips  inst_mem] -log ip_upgrade.log
Upgrading 'inst_mem'
ERROR: [Vivado 12-3445] A collection of objects is currently not supported at this time.  Please provide only one sub-design.
ERROR: [Common 17-69] Command failed: ERROR: [Vivado 12-3445] A collection of objects is currently not supported at this time.  Please provide only one sub-design.

upgrade_ip -vlnv xilinx.com:ip:blk_mem_gen:8.4 [get_ips  data_mem] -log ip_upgrade.log
Upgrading 'data_mem'
ERROR: [Vivado 12-3445] A collection of objects is currently not supported at this time.  Please provide only one sub-design.
ERROR: [Common 17-69] Command failed: ERROR: [Vivado 12-3445] A collection of objects is currently not supported at this time.  Please provide only one sub-design.

upgrade_ip [get_ips]
Upgrading 'data_mem'
ERROR: [Vivado 12-3445] A collection of objects is currently not supported at this time.  Please provide only one sub-design.
ERROR: [Common 17-69] Command failed: ERROR: [Vivado 12-3445] A collection of objects is currently not supported at this time.  Please provide only one sub-design.

upgrade_ip [get_ips]
Upgrading 'data_mem'
ERROR: [Vivado 12-3445] A collection of objects is currently not supported at this time.  Please provide only one sub-design.
ERROR: [Common 17-69] Command failed: ERROR: [Vivado 12-3445] A collection of objects is currently not supported at this time.  Please provide only one sub-design.

